2019-08-21 15:50:25 INFO  BaseTest:31 - Creating the object of--->>>firefox
2019-08-21 15:51:00 INFO  BaseTest:45 - Navigating to--->> https://www.flipkart.com
2019-08-21 15:51:01 INFO  FlipkartLoginTest:24 - #######Starting the Test#######
2019-08-21 15:51:02 INFO  FlipkartLoginTest:28 - #######Finishing the Test#######
2019-08-21 15:52:08 INFO  BaseTest:37 - Creating the object of--->>>chrome
2019-08-21 15:52:30 INFO  BaseTest:45 - Navigating to--->> https://www.flipkart.com
2019-08-21 15:52:30 INFO  FlipkartLoginTest:24 - #######Starting the Test#######
2019-08-21 15:52:31 INFO  FlipkartLoginTest:28 - #######Finishing the Test#######
2019-08-21 18:57:07 INFO  BaseTest:47 - Creating the object of--->>>chrome
2019-08-21 18:57:20 INFO  BaseTest:57 - Navigating to--->> https://www.flipkart.com
2019-08-21 18:57:20 INFO  FlipkartLoginTest:24 - #######Starting the Test#######
2019-08-21 18:57:22 INFO  FlipkartLoginTest:28 - #######Finishing the Test#######
2019-08-21 18:59:46 INFO  BaseTest:47 - Creating the object of--->>>chrome
2019-08-21 19:00:02 INFO  BaseTest:57 - Navigating to--->> https://www.flipkart.com
2019-08-21 19:00:02 INFO  FlipkartLoginTest:24 - #######Starting the Test#######
2019-08-21 19:00:03 INFO  FlipkartLoginTest:28 - #######Finishing the Test#######
2019-08-21 19:27:14 INFO  BaseTest:47 - Creating the object of--->>>chrome
2019-08-21 19:27:35 INFO  BaseTest:57 - Navigating to--->> https://www.flipkart.com
2019-08-21 19:27:35 INFO  FlipkartLoginTest:24 - #######Starting the Test#######
2019-08-21 19:27:36 INFO  FlipkartLoginTest:28 - #######Finishing the Test#######
2019-08-21 19:29:47 INFO  BaseTest:47 - Creating the object of--->>>chrome
2019-08-21 19:29:59 INFO  BaseTest:57 - Navigating to--->> https://www.flipkart.com
2019-08-21 19:29:59 INFO  FlipkartLoginTest:24 - #######Starting the Test#######
2019-08-21 19:30:00 INFO  FlipkartLoginTest:28 - #######Finishing the Test#######
2019-08-21 19:32:03 INFO  BaseTest:47 - Creating the object of--->>>chrome
2019-08-21 19:32:16 INFO  BaseTest:57 - Navigating to--->> https://www.flipkart.com
2019-08-21 19:32:16 INFO  FlipkartLoginTest:24 - #######Starting the Test#######
2019-08-21 19:32:17 INFO  FlipkartLoginTest:28 - #######Finishing the Test#######
2019-08-21 19:43:50 INFO  BaseTest:47 - Creating the object of--->>>chrome
2019-08-21 19:44:11 INFO  BaseTest:57 - Navigating to--->> https://www.flipkart.com
2019-08-21 19:44:12 INFO  FlipkartLoginTest:26 - #######Starting the Test#######
2019-08-21 19:44:14 INFO  FlipkartLoginTest:30 - #######Finishing the Test#######
2019-08-21 19:49:53 INFO  BaseTest:47 - Creating the object of--->>>chrome
2019-08-21 19:50:12 INFO  BaseTest:47 - Creating the object of--->>>chrome
2019-08-21 19:50:25 INFO  BaseTest:57 - Navigating to--->> https://www.flipkart.com
2019-08-21 19:50:25 INFO  FlipkartLoginTest:26 - #######Starting the Test#######
2019-08-21 19:50:26 INFO  FlipkartLoginTest:30 - #######Finishing the Test#######
2019-08-21 19:51:44 INFO  BaseTest:47 - Creating the object of--->>>chrome
2019-08-21 19:51:55 INFO  BaseTest:57 - Navigating to--->> https://www.flipkart.com
2019-08-21 19:51:55 INFO  FlipkartLoginTest:26 - #######Starting the Test#######
2019-08-21 19:51:56 INFO  FlipkartLoginTest:30 - #######Finishing the Test#######
2019-08-21 19:53:15 INFO  BaseTest:47 - Creating the object of--->>>chrome
2019-08-21 19:53:30 INFO  BaseTest:57 - Navigating to--->> https://www.flipkart.com
2019-08-21 19:53:30 INFO  FlipkartLoginTest:26 - #######Starting the Test#######
2019-08-21 19:53:31 INFO  FlipkartLoginTest:30 - #######Finishing the Test#######
2019-08-21 19:55:11 INFO  BaseTest:47 - Creating the object of--->>>chrome
2019-08-21 19:55:21 INFO  BaseTest:57 - Navigating to--->> https://www.flipkart.com
2019-08-21 19:55:21 INFO  FlipkartLoginTest:26 - #######Starting the Test#######
2019-08-21 19:55:22 INFO  FlipkartLoginTest:30 - #######Finishing the Test#######
2019-08-21 20:04:53 INFO  BaseTest:50 - Creating the object of--->>>chrome
2019-08-21 20:05:05 INFO  BaseTest:60 - Navigating to--->> https://www.flipkart.com
2019-08-21 20:05:05 INFO  FlipkartLoginTest:26 - #######Starting the Test#######
2019-08-21 20:05:06 INFO  FlipkartLoginTest:30 - #######Finishing the Test#######
2019-08-21 20:07:15 INFO  BaseTest:50 - Creating the object of--->>>chrome
2019-08-21 20:07:27 INFO  BaseTest:60 - Navigating to--->> https://www.flipkart.com
2019-08-21 20:07:27 INFO  FlipkartLoginTest:26 - #######Starting the Test#######
2019-08-21 20:07:28 INFO  FlipkartLoginTest:30 - #######Finishing the Test#######
2019-08-21 20:09:26 INFO  BaseTest:50 - Creating the object of--->>>chrome
2019-08-21 20:09:38 INFO  BaseTest:60 - Navigating to--->> https://www.flipkart.com
2019-08-21 20:09:38 INFO  FlipkartLoginTest:26 - #######Starting the Test#######
2019-08-21 20:09:39 INFO  FlipkartLoginTest:30 - #######Finishing the Test#######
2019-08-21 20:10:38 INFO  BaseTest:50 - Creating the object of--->>>chrome
2019-08-21 20:10:50 INFO  BaseTest:60 - Navigating to--->> https://www.flipkart.com
2019-08-21 20:10:50 INFO  FlipkartLoginTest:26 - #######Starting the Test#######
2019-08-21 20:10:52 INFO  FlipkartLoginTest:30 - #######Finishing the Test#######
2019-08-21 20:12:09 INFO  BaseTest:50 - Creating the object of--->>>chrome
2019-08-21 20:12:21 INFO  BaseTest:60 - Navigating to--->> https://www.flipkart.com
2019-08-21 20:12:21 INFO  FlipkartLoginTest:26 - #######Starting the Test#######
2019-08-21 20:12:22 INFO  FlipkartLoginTest:30 - #######Finishing the Test#######
2019-08-21 20:18:40 INFO  BaseTest:50 - Creating the object of--->>>chrome
2019-08-21 20:18:49 INFO  BaseTest:60 - Navigating to--->> https://www.flipkart.com
2019-08-21 20:18:49 INFO  FlipkartLoginTest:26 - #######Starting the Test#######
2019-08-21 20:18:50 INFO  FlipkartLoginTest:30 - #######Finishing the Test#######
2019-08-21 20:29:59 INFO  BaseTest:50 - Creating the object of--->>>chrome
2019-08-21 20:30:08 INFO  BaseTest:60 - Navigating to--->> https://www.flipkart.com
2019-08-21 20:30:08 INFO  FlipkartLoginTest:26 - #######Starting the Test#######
2019-08-21 20:30:09 INFO  FlipkartLoginTest:30 - #######Finishing the Test#######
2019-08-21 21:23:58 INFO  BaseTest:50 - Creating the object of--->>>chrome
2019-08-21 21:25:28 INFO  BaseTest:50 - Creating the object of--->>>chrome
2019-08-21 21:25:36 INFO  BaseTest:60 - Navigating to--->> https://www.flipkart.com
2019-08-21 21:25:36 INFO  FlipkartLoginTest:26 - #######Starting the Test#######
2019-08-21 21:25:37 INFO  FlipkartLoginTest:30 - #######Finishing the Test#######
2019-08-21 21:26:25 INFO  BaseTest:50 - Creating the object of--->>>chrome
2019-08-21 21:26:35 INFO  BaseTest:60 - Navigating to--->> https://www.flipkart.com
2019-08-21 21:26:35 INFO  FlipkartLoginTest:26 - #######Starting the Test#######
2019-08-21 21:26:35 INFO  FlipkartLoginTest:30 - #######Finishing the Test#######
2019-08-21 21:27:27 INFO  BaseTest:50 - Creating the object of--->>>chrome
2019-08-21 21:27:37 INFO  BaseTest:60 - Navigating to--->> https://www.flipkart.com
2019-08-21 21:27:37 INFO  FlipkartLoginTest:26 - #######Starting the Test#######
2019-08-21 21:27:37 INFO  FlipkartLoginTest:30 - #######Finishing the Test#######
2019-08-21 21:28:40 INFO  BaseTest:50 - Creating the object of--->>>chrome
2019-08-21 21:28:51 INFO  BaseTest:60 - Navigating to--->> https://www.flipkart.com
2019-08-21 21:28:51 INFO  FlipkartLoginTest:26 - #######Starting the Test#######
2019-08-21 21:28:52 INFO  FlipkartLoginTest:30 - #######Finishing the Test#######
2019-08-21 21:30:48 INFO  BaseTest:50 - Creating the object of--->>>chrome
2019-08-21 21:30:59 INFO  BaseTest:60 - Navigating to--->> https://www.flipkart.com
2019-08-21 21:30:59 INFO  FlipkartLoginTest:26 - #######Starting the Test#######
2019-08-21 21:31:00 INFO  FlipkartLoginTest:30 - #######Finishing the Test#######
2019-08-21 21:59:44 INFO  BaseTest:50 - Creating the object of--->>>chrome
2019-08-21 21:59:53 INFO  BaseTest:60 - Navigating to--->> https://www.flipkart.com
2019-08-21 21:59:53 INFO  FlipkartLoginTest:26 - #######Starting the Test#######
2019-08-21 21:59:54 INFO  FlipkartLoginTest:30 - #######Finishing the Test#######
2019-08-21 22:03:32 INFO  BaseTest:50 - Creating the object of--->>>chrome
2019-08-21 22:03:43 INFO  BaseTest:60 - Navigating to--->> https://www.flipkart.com
2019-08-21 22:03:43 INFO  FlipkartLoginTest:26 - #######Starting the Test#######
2019-08-21 22:03:44 INFO  FlipkartLoginTest:30 - #######Finishing the Test#######
2019-08-21 22:04:50 INFO  BaseTest:50 - Creating the object of--->>>chrome
2019-08-21 22:05:00 INFO  BaseTest:60 - Navigating to--->> https://www.flipkart.com
2019-08-21 22:05:00 INFO  FlipkartLoginTest:26 - #######Starting the Test#######
2019-08-21 22:05:00 INFO  FlipkartLoginTest:30 - #######Finishing the Test#######
2019-08-22 06:37:03 INFO  BaseTest:50 - Creating the object of--->>>chrome
2019-08-22 06:37:28 INFO  BaseTest:60 - Navigating to--->> https://www.flipkart.com
2019-08-22 06:37:28 INFO  FlipkartLoginTest:26 - #######Starting the Test#######
2019-08-22 06:37:29 INFO  FlipkartLoginTest:30 - #######Finishing the Test#######
2019-08-22 07:05:23 INFO  BaseTest:50 - Creating the object of--->>>chrome
2019-08-22 07:05:34 INFO  BaseTest:60 - Navigating to--->> https://www.flipkart.com
2019-08-22 07:05:34 INFO  FlipkartLoginTest:26 - #######Starting the Test#######
2019-08-22 07:05:36 INFO  FlipkartLoginTest:30 - #######Finishing the Test#######
2019-08-22 07:07:52 INFO  BaseTest:50 - Creating the object of--->>>chrome
2019-08-22 07:08:04 INFO  BaseTest:60 - Navigating to--->> https://www.flipkart.com
2019-08-22 07:08:05 INFO  FlipkartLoginTest:26 - #######Starting the Test#######
2019-08-22 07:08:06 INFO  FlipkartLoginTest:30 - #######Finishing the Test#######
2019-08-22 07:14:32 INFO  BaseTest:50 - Creating the object of--->>>chrome
2019-08-22 07:14:43 INFO  BaseTest:60 - Navigating to--->> https://www.flipkart.com
2019-08-22 07:14:43 INFO  FlipkartLoginTest:26 - #######Starting the Test#######
2019-08-22 07:14:44 INFO  FlipkartLoginTest:30 - #######Finishing the Test#######
2019-08-22 07:21:29 INFO  BaseTest:50 - Creating the object of--->>>chrome
2019-08-22 07:21:53 INFO  BaseTest:50 - Creating the object of--->>>chrome
2019-08-22 07:22:06 INFO  BaseTest:60 - Navigating to--->> https://www.flipkart.com
2019-08-22 07:22:06 INFO  FlipkartLoginTest:26 - #######Starting the Test#######
2019-08-22 07:22:07 INFO  FlipkartLoginTest:30 - #######Finishing the Test#######
2019-08-22 08:08:48 INFO  BaseTest:50 - Creating the object of--->>>chrome
2019-08-22 08:09:02 INFO  BaseTest:60 - Navigating to--->> https://www.flipkart.com
2019-08-22 08:09:03 INFO  FlipkartLoginTest:26 - #######Starting the Test#######
2019-08-22 08:09:04 INFO  FlipkartLoginTest:30 - #######Finishing the Test#######
2019-08-22 08:15:49 INFO  BaseTest:50 - Creating the object of--->>>chrome
2019-08-22 08:16:01 INFO  BaseTest:60 - Navigating to--->> https://www.flipkart.com
2019-08-22 08:16:01 INFO  FlipkartLoginTest:26 - #######Starting the Test#######
2019-08-22 08:16:03 INFO  FlipkartLoginTest:30 - #######Finishing the Test#######
2019-08-22 08:16:37 INFO  BaseTest:50 - Creating the object of--->>>chrome
2019-08-22 08:16:49 INFO  BaseTest:60 - Navigating to--->> https://www.flipkart.com
2019-08-22 08:16:49 INFO  FlipkartLoginTest:26 - #######Starting the Test#######
2019-08-22 08:16:50 INFO  FlipkartLoginTest:30 - #######Finishing the Test#######
2019-08-22 08:19:28 INFO  BaseTest:50 - Creating the object of--->>>chrome
2019-08-22 08:19:40 INFO  BaseTest:60 - Navigating to--->> https://www.flipkart.com
2019-08-22 08:19:40 INFO  FlipkartLoginTest:26 - #######Starting the Test#######
2019-08-22 08:19:41 INFO  FlipkartLoginTest:30 - #######Finishing the Test#######
2019-08-22 08:20:44 INFO  BaseTest:50 - Creating the object of--->>>chrome
2019-08-22 08:20:56 INFO  BaseTest:60 - Navigating to--->> https://www.flipkart.com
2019-08-22 08:20:56 INFO  FlipkartLoginTest:26 - #######Starting the Test#######
2019-08-22 08:20:57 INFO  FlipkartLoginTest:30 - #######Finishing the Test#######
2019-08-22 08:33:25 INFO  BaseTest:50 - Creating the object of--->>>chrome
2019-08-22 08:33:37 INFO  BaseTest:60 - Navigating to--->> https://www.flipkart.com
2019-08-22 08:33:37 INFO  FlipkartLoginTest:26 - #######Starting the Test#######
2019-08-22 08:33:38 INFO  FlipkartLoginTest:30 - #######Finishing the Test#######
2019-08-22 08:40:22 INFO  BaseTest:50 - Creating the object of--->>>chrome
2019-08-22 08:40:43 INFO  BaseTest:60 - Navigating to--->> https://www.flipkart.com
2019-08-22 08:40:43 INFO  FlipkartLoginTest:26 - #######Starting the Test#######
2019-08-22 08:40:44 INFO  FlipkartLoginTest:30 - #######Finishing the Test#######
2019-08-22 08:41:47 INFO  BaseTest:50 - Creating the object of--->>>chrome
2019-08-22 08:42:02 INFO  BaseTest:60 - Navigating to--->> https://www.flipkart.com
2019-08-22 08:42:02 INFO  FlipkartLoginTest:26 - #######Starting the Test#######
2019-08-22 08:42:03 INFO  FlipkartLoginTest:30 - #######Finishing the Test#######
2019-08-22 08:42:46 INFO  SearchPage:63 - Clicking on the Product Name: Sony CyberShot DSC-W810/BC IN5
2019-08-22 09:00:06 INFO  BaseTest:50 - Creating the object of--->>>chrome
2019-08-22 09:00:17 INFO  BaseTest:60 - Navigating to--->> https://www.flipkart.com
2019-08-22 09:00:17 INFO  FlipkartLoginTest:26 - #######Starting the Test#######
2019-08-22 09:00:18 INFO  FlipkartLoginTest:30 - #######Finishing the Test#######
2019-08-22 09:00:51 INFO  SearchPage:65 - Clicking on the Product Name: Sony CyberShot DSC-W810/BC IN5
2019-08-22 09:01:00 INFO  SearchPage:78 - Product Price is : ?6,299
2019-08-22 09:10:42 INFO  BaseTest:50 - Creating the object of--->>>chrome
2019-08-22 09:10:55 INFO  BaseTest:60 - Navigating to--->> https://www.flipkart.com
2019-08-22 09:10:55 INFO  FlipkartLoginTest:26 - #######Starting the Test#######
2019-08-22 09:10:56 INFO  FlipkartLoginTest:30 - #######Finishing the Test#######
2019-08-22 09:14:33 INFO  BaseTest:50 - Creating the object of--->>>chrome
2019-08-22 09:14:53 INFO  BaseTest:60 - Navigating to--->> https://www.flipkart.com
2019-08-22 09:14:53 INFO  FlipkartLoginTest:26 - #######Starting the Test#######
2019-08-22 09:14:54 INFO  FlipkartLoginTest:30 - #######Finishing the Test#######
2019-08-22 09:19:50 INFO  BaseTest:50 - Creating the object of--->>>chrome
2019-08-22 09:19:59 INFO  BaseTest:60 - Navigating to--->> https://www.flipkart.com
2019-08-22 09:19:59 INFO  FlipkartLoginTest:26 - #######Starting the Test#######
2019-08-22 09:19:59 INFO  FlipkartLoginTest:30 - #######Finishing the Test#######
2019-08-22 09:20:53 INFO  SearchPage:65 - Clicking on the Product Name: Sony CyberShot DSC-W810/BC IN5
2019-08-22 09:21:39 INFO  SearchPage:78 - Product Price is : ?6,299
2019-08-22 09:39:48 INFO  BaseTest:50 - Creating the object of--->>>chrome
2019-08-22 09:39:59 INFO  BaseTest:60 - Navigating to--->> https://www.flipkart.com
2019-08-22 09:39:59 INFO  FlipkartLoginTest:26 - #######Starting the Test#######
2019-08-22 09:39:59 INFO  FlipkartLoginTest:30 - #######Finishing the Test#######
2019-08-22 09:41:42 INFO  SearchPage:68 - Clicking on the Product Name: Sony CyberShot DSC-W810/BC IN5
2019-08-22 09:42:12 INFO  SearchPage:81 - Product Price is : ?6,299
2019-08-22 09:47:49 INFO  BaseTest:50 - Creating the object of--->>>chrome
2019-08-22 09:47:59 INFO  BaseTest:60 - Navigating to--->> https://www.flipkart.com
2019-08-22 09:47:59 INFO  FlipkartLoginTest:26 - #######Starting the Test#######
2019-08-22 09:48:00 INFO  FlipkartLoginTest:30 - #######Finishing the Test#######
2019-08-22 09:48:46 INFO  SearchPage:68 - Clicking on the Product Name: Sony CyberShot DSC-W810/BC IN5
2019-08-22 09:49:07 INFO  SearchPage:81 - Product Price is : ?6,299
2019-08-22 09:50:00 INFO  SearchPage:96 - Product Price and Cart Price are same 
2019-08-22 10:00:52 INFO  BaseTest:50 - Creating the object of--->>>chrome
2019-08-22 10:01:04 INFO  BaseTest:60 - Navigating to--->> https://www.flipkart.com
2019-08-22 10:01:04 INFO  FlipkartLoginTest:26 - #######Starting the Test#######
2019-08-22 10:01:04 INFO  FlipkartLoginTest:30 - #######Finishing the Test#######
2019-08-22 10:02:27 INFO  SearchPage:68 - Clicking on the Product Name: Sony CyberShot DSC-W810/BC IN5
2019-08-22 10:03:00 INFO  SearchPage:81 - Product Price is : ?6,299
2019-08-22 10:15:08 INFO  BaseTest:50 - Creating the object of--->>>chrome
2019-08-22 10:15:18 INFO  BaseTest:60 - Navigating to--->> https://www.flipkart.com
2019-08-22 10:15:18 INFO  FlipkartLoginTest:26 - #######Starting the Test#######
2019-08-22 10:15:19 INFO  FlipkartLoginTest:30 - #######Finishing the Test#######
2019-08-22 10:15:50 INFO  SearchPage:68 - Clicking on the Product Name: Sony CyberShot DSC-W810/BC IN5
2019-08-22 10:16:17 INFO  SearchPage:81 - Product Price is : ?6,299
2019-08-22 10:20:25 INFO  BaseTest:50 - Creating the object of--->>>chrome
2019-08-22 10:20:34 INFO  BaseTest:60 - Navigating to--->> https://www.flipkart.com
2019-08-22 10:20:34 INFO  FlipkartLoginTest:26 - #######Starting the Test#######
2019-08-22 10:20:34 INFO  FlipkartLoginTest:30 - #######Finishing the Test#######
2019-08-22 10:23:33 INFO  BaseTest:50 - Creating the object of--->>>chrome
2019-08-22 10:23:43 INFO  BaseTest:60 - Navigating to--->> https://www.flipkart.com
2019-08-22 10:23:43 INFO  FlipkartLoginTest:26 - #######Starting the Test#######
2019-08-22 10:23:44 INFO  FlipkartLoginTest:30 - #######Finishing the Test#######
2019-08-22 10:26:51 INFO  BaseTest:50 - Creating the object of--->>>chrome
2019-08-22 10:27:05 INFO  BaseTest:60 - Navigating to--->> https://www.flipkart.com
2019-08-22 10:27:05 INFO  FlipkartLoginTest:26 - #######Starting the Test#######
2019-08-22 10:27:06 INFO  FlipkartLoginTest:30 - #######Finishing the Test#######
2019-08-22 10:48:31 INFO  BaseTest:50 - Creating the object of--->>>chrome
2019-08-22 10:48:42 INFO  BaseTest:60 - Navigating to--->> https://www.flipkart.com
2019-08-22 10:48:42 INFO  FlipkartLoginTest:26 - #######Starting the Test#######
2019-08-22 10:48:43 INFO  FlipkartLoginTest:30 - #######Finishing the Test#######
2019-08-22 10:52:04 INFO  BaseTest:50 - Creating the object of--->>>chrome
2019-08-22 10:52:15 INFO  BaseTest:60 - Navigating to--->> https://www.flipkart.com
2019-08-22 10:52:15 INFO  FlipkartLoginTest:26 - #######Starting the Test#######
2019-08-22 10:52:17 INFO  FlipkartLoginTest:30 - #######Finishing the Test#######
2019-08-22 10:53:37 INFO  SearchPage:68 - Clicking on the Product Name: Sony CyberShot DSC-W810/BC IN5
2019-08-22 10:54:09 INFO  SearchPage:81 - Product Price is : ?6,299
2019-08-22 10:54:26 INFO  SearchPage:96 -  ####### Product Price and Cart Price are same ####### 
2019-08-22 11:03:26 INFO  BaseTest:50 - Creating the object of--->>>chrome
2019-08-22 11:03:39 INFO  BaseTest:60 - Navigating to--->> https://www.flipkart.com
2019-08-22 11:03:39 INFO  FlipkartLoginTest:26 -  ####### Starting the Login Test ####### 
2019-08-22 11:03:40 INFO  FlipkartLoginTest:30 -  ####### Finishing the Login Test ####### 
2019-08-22 11:03:40 INFO  FlipkartLoginTest:36 -  ####### Starting the Search Product and Add to Cart Test ####### 
2019-08-22 11:03:52 INFO  FlipkartLoginTest:40 -  ####### Finishing the Search Product and Add to Cart Test ####### 
2019-08-22 11:04:29 INFO  BaseTest:50 - Creating the object of--->>>chrome
2019-08-22 11:04:40 INFO  BaseTest:60 - Navigating to--->> https://www.flipkart.com
2019-08-22 11:04:40 INFO  FlipkartLoginTest:26 -  ####### Starting the Login Test ####### 
2019-08-22 11:04:41 INFO  FlipkartLoginTest:30 -  ####### Finishing the Login Test ####### 
2019-08-22 11:04:41 INFO  FlipkartLoginTest:36 -  ####### Starting the Search Product and Add to Cart Test ####### 
2019-08-22 11:06:23 INFO  SearchPage:64 - Clicking on the Product Name: Sony CyberShot DSC-W810/BC IN5
2019-08-22 11:07:16 INFO  SearchPage:77 - Product Price is : ?6,299
2019-08-22 11:07:33 INFO  SearchPage:92 -  ####### Product Price and Cart Price are same ####### 
2019-08-22 11:07:40 INFO  FlipkartLoginTest:40 -  ####### Finishing the Search Product and Add to Cart Test ####### 
2019-08-22 11:12:01 INFO  BaseTest:50 - Creating the object of--->>>chrome
2019-08-22 11:12:09 INFO  BaseTest:60 - Navigating to--->> https://www.flipkart.com
2019-08-22 11:12:09 INFO  FlipkartLoginTest:26 -  ####### Starting the Login Test ####### 
2019-08-22 11:12:09 INFO  LoginPage:31 -  Entering the phone number or username: 7019375360
2019-08-22 11:12:09 INFO  LoginPage:33 -  Entering the password: Abc123
2019-08-22 11:12:09 INFO  LoginPage:35 -  Clicking on the Login button 
2019-08-22 11:12:09 INFO  FlipkartLoginTest:30 -  ####### Finishing the Login Test ####### 
2019-08-22 11:12:09 INFO  FlipkartLoginTest:36 -  ####### Starting the Search Product and Add to Cart Test ####### 
2019-08-22 11:15:32 INFO  BaseTest:50 - Creating the object of--->>>chrome
2019-08-22 11:15:41 INFO  BaseTest:60 - Navigating to--->> https://www.flipkart.com
2019-08-22 11:15:41 INFO  FlipkartLoginTest:26 -  ####### Starting the Login Test ####### 
2019-08-22 11:15:41 INFO  LoginPage:31 -  Entering the phone number or username: 7019375360
2019-08-22 11:15:41 INFO  LoginPage:33 -  Entering the password: Abc123
2019-08-22 11:15:41 INFO  LoginPage:35 -  Clicking on the Login button 
2019-08-22 11:15:41 INFO  FlipkartLoginTest:30 -  ####### Finishing the Login Test ####### 
2019-08-22 11:15:41 INFO  FlipkartLoginTest:36 -  ####### Starting the Search Product and Add to Cart Test ####### 
2019-08-22 11:15:52 INFO  FlipkartLoginTest:40 -  ####### Finishing the Search Product and Add to Cart Test ####### 
2019-08-22 11:20:41 INFO  BaseTest:50 - Creating the object of--->>>chrome
2019-08-22 11:20:50 INFO  BaseTest:60 - Navigating to--->> https://www.flipkart.com
2019-08-22 11:20:50 INFO  FlipkartLoginTest:26 -  ####### Starting the Login Test ####### 
2019-08-22 11:20:50 INFO  LoginPage:33 -  Entering the phone number or username: 7019375360
2019-08-22 11:20:50 INFO  LoginPage:35 -  Entering the password: Abc123
2019-08-22 11:20:50 INFO  LoginPage:37 -  Clicking on the Login button 
2019-08-22 11:20:50 INFO  FlipkartLoginTest:30 -  ####### Finishing the Login Test ####### 
2019-08-22 11:20:50 INFO  FlipkartLoginTest:36 -  ####### Starting the Search Product and Add to Cart Test ####### 
2019-08-22 11:36:10 INFO  BaseTest:50 - Creating the object of--->>>chrome
2019-08-22 11:36:18 INFO  BaseTest:60 - Navigating to--->> https://www.flipkart.com
2019-08-22 11:36:18 INFO  FlipkartLoginTest:26 -  ####### Started the Login Test ####### 
2019-08-22 11:36:19 INFO  LoginPage:33 -  Entering the phone number or username: 7019375360
2019-08-22 11:36:19 INFO  LoginPage:35 -  Entering the password: Abc123
2019-08-22 11:36:19 INFO  LoginPage:37 -  Clicking on the Login button 
2019-08-22 11:36:19 INFO  FlipkartLoginTest:30 -  ####### Finished the Login Test ####### 
2019-08-22 11:36:19 INFO  FlipkartLoginTest:36 -  ####### Started the Search Product and Add to Cart Test ####### 
2019-08-22 11:36:20 INFO  FlipkartLoginTest:40 -  ####### Finished the Search Product and Add to Cart Test ####### 
2019-08-22 11:38:32 INFO  BaseTest:50 - Creating the object of--->>>chrome
2019-08-22 11:38:39 INFO  BaseTest:60 - Navigating to--->> https://www.flipkart.com
2019-08-22 11:38:39 INFO  FlipkartLoginTest:26 -  ####### Started the Login Test ####### 
2019-08-22 11:38:40 INFO  LoginPage:33 -  Entering the phone number or username: 7019375360
2019-08-22 11:38:40 INFO  LoginPage:35 -  Entering the password: Abc123
2019-08-22 11:38:44 INFO  LoginPage:38 -  Clicking on the Login button 
2019-08-22 11:38:44 INFO  FlipkartLoginTest:30 -  ####### Finished the Login Test ####### 
2019-08-22 11:38:44 INFO  FlipkartLoginTest:36 -  ####### Started the Search Product and Add to Cart Test ####### 
2019-08-22 11:39:00 INFO  FlipkartLoginTest:40 -  ####### Finished the Search Product and Add to Cart Test ####### 
2019-08-22 11:42:20 INFO  BaseTest:50 - Creating the object of--->>>chrome
2019-08-22 11:42:28 INFO  BaseTest:60 - Navigating to--->> https://www.flipkart.com
2019-08-22 11:42:28 INFO  FlipkartLoginTest:26 -  ####### Started the Login Test ####### 
2019-08-22 11:42:28 INFO  LoginPage:33 -  Entering the phone number or username: 7019375360
2019-08-22 11:42:28 INFO  LoginPage:35 -  Entering the password: Abc123
2019-08-22 11:42:33 INFO  LoginPage:38 -  Clicking on the Login button 
2019-08-22 11:42:33 INFO  FlipkartLoginTest:30 -  ####### Finished the Login Test ####### 
2019-08-22 11:42:33 INFO  FlipkartLoginTest:36 -  ####### Started the Search Product and Add to Cart Test ####### 
2019-08-22 11:42:41 INFO  SearchPage:41 -  Entering the Product Name: camera
2019-08-22 11:42:49 INFO  SearchPage:44 -  Clicking on the Search button 
2019-08-22 11:42:49 INFO  FlipkartLoginTest:40 -  ####### Finished the Search Product and Add to Cart Test ####### 
2019-08-22 11:44:36 INFO  BaseTest:50 - Creating the object of--->>>chrome
2019-08-22 11:44:44 INFO  BaseTest:60 - Navigating to--->> https://www.flipkart.com
2019-08-22 11:44:44 INFO  FlipkartLoginTest:26 -  ####### Started the Login Test ####### 
2019-08-22 11:44:44 INFO  LoginPage:33 -  Entering the phone number or username: 7019375360
2019-08-22 11:44:44 INFO  LoginPage:35 -  Entering the password: Abc123
2019-08-22 11:44:48 INFO  LoginPage:38 -  Clicking on the Login button 
2019-08-22 11:44:48 INFO  FlipkartLoginTest:30 -  ####### Finished the Login Test ####### 
2019-08-22 11:44:48 INFO  FlipkartLoginTest:36 -  ####### Started the Search Product and Add to Cart Test ####### 
2019-08-22 11:44:57 INFO  SearchPage:41 -  Entering the Product Name: camera
2019-08-22 11:45:18 INFO  SearchPage:66 - Clicking on the Product Name: Sony CyberShot DSC-W810/BC IN5
2019-08-22 11:45:19 INFO  SearchPage:79 - Product Price is : ?6,299
2019-08-22 15:11:09 INFO  BaseTest:50 - Creating the object of--->>>chrome
2019-08-22 15:11:30 INFO  BaseTest:60 - Navigating to--->> https://www.flipkart.com
2019-08-22 15:11:30 INFO  FlipkartLoginTest:26 -  ####### Started the Login Test ####### 
2019-08-22 15:11:31 INFO  LoginPage:33 -  Entering the phone number or username: 7019375360
2019-08-22 15:11:31 INFO  LoginPage:35 -  Entering the password: Abc123
2019-08-22 15:11:35 INFO  LoginPage:38 -  Clicking on the Login button 
2019-08-22 15:11:35 INFO  FlipkartLoginTest:30 -  ####### Finished the Login Test ####### 
2019-08-22 15:11:35 INFO  FlipkartLoginTest:36 -  ####### Started the Search Product and Add to Cart Test ####### 
2019-08-22 15:11:44 INFO  SearchPage:41 -  Entering the Product Name: camera
2019-08-22 15:12:05 INFO  SearchPage:66 - Clicking on the Product Name: Sony CyberShot DSC-W810/BC IN5
2019-08-22 15:12:09 INFO  SearchPage:79 - Product Price is : ?6,299
2019-08-22 15:32:22 INFO  BaseTest:50 - Creating the object of--->>>chrome
2019-08-22 15:32:32 INFO  BaseTest:60 - Navigating to--->> https://www.flipkart.com
2019-08-22 15:32:32 INFO  FlipkartLoginTest:26 -  ####### Started the Login Test ####### 
2019-08-22 15:32:32 INFO  LoginPage:33 -  Entering the phone number or username: 7019375360
2019-08-22 15:32:33 INFO  LoginPage:35 -  Entering the password: Abc123
2019-08-22 15:32:37 INFO  LoginPage:38 -  Clicking on the Login button 
2019-08-22 15:32:37 INFO  FlipkartLoginTest:30 -  ####### Finished the Login Test ####### 
2019-08-22 15:32:37 INFO  FlipkartLoginTest:36 -  ####### Started the Search Product and Add to Cart Test ####### 
2019-08-22 15:32:45 INFO  SearchPage:41 -  Entering the Product Name: camera
2019-08-22 15:33:05 INFO  SearchPage:45 -  Clicking on the Search button 
2019-08-22 15:33:05 INFO  FlipkartLoginTest:40 -  ####### Finished the Search Product and Add to Cart Test ####### 
2019-08-22 15:35:42 INFO  BaseTest:50 - Creating the object of--->>>chrome
2019-08-22 15:35:50 INFO  BaseTest:60 - Navigating to--->> https://www.flipkart.com
2019-08-22 15:35:50 INFO  FlipkartLoginTest:26 -  ####### Started the Login Test ####### 
2019-08-22 15:35:50 INFO  LoginPage:33 -  Entering the phone number or username: 7019375360
2019-08-22 15:35:50 INFO  LoginPage:35 -  Entering the password: Abc123
2019-08-22 15:35:55 INFO  LoginPage:38 -  Clicking on the Login button 
2019-08-22 15:35:55 INFO  FlipkartLoginTest:30 -  ####### Finished the Login Test ####### 
2019-08-22 15:35:55 INFO  FlipkartLoginTest:36 -  ####### Started the Search Product and Add to Cart Test ####### 
2019-08-22 15:36:03 INFO  SearchPage:42 -  Entering the Product Name: camera
2019-08-22 15:36:23 INFO  SearchPage:46 -  Clicking on the Search button 
2019-08-22 15:36:23 INFO  SearchPage:68 - Clicking on the Product Name: Sony CyberShot DSC-W810/BC IN5
2019-08-22 15:36:25 INFO  SearchPage:81 - Product Price is : ?6,299
2019-08-22 15:43:06 INFO  BaseTest:50 - Creating the object of--->>>chrome
2019-08-22 15:43:17 INFO  BaseTest:60 - Navigating to--->> https://www.flipkart.com
2019-08-22 15:43:17 INFO  FlipkartLoginTest:26 -  ####### Started the Login Test ####### 
2019-08-22 15:43:18 INFO  LoginPage:33 -  Entering the phone number or username: 7019375360
2019-08-22 15:43:18 INFO  LoginPage:35 -  Entering the password: Abc123
2019-08-22 15:43:22 INFO  LoginPage:38 -  Clicking on the Login button 
2019-08-22 15:43:22 INFO  FlipkartLoginTest:30 -  ####### Finished the Login Test ####### 
2019-08-22 15:43:22 INFO  FlipkartLoginTest:36 -  ####### Started the Search Product and Add to Cart Test ####### 
2019-08-22 15:43:30 INFO  SearchPage:42 -  Entering the Product Name: camera
2019-08-22 15:43:50 INFO  SearchPage:46 -  Clicking on the Search button 
2019-08-22 15:43:51 INFO  SearchPage:68 - Clicking on the Product Name: Sony CyberShot DSC-W810/BC IN5
2019-08-22 15:43:52 INFO  SearchPage:81 - Product Price is : ?6,299
2019-08-22 15:43:52 INFO  SearchPage:85 -  Clicking on the Add to Cart button 
2019-08-22 15:56:20 INFO  BaseTest:50 - Creating the object of--->>>chrome
2019-08-22 15:56:29 INFO  BaseTest:60 - Navigating to--->> https://www.flipkart.com
2019-08-22 15:56:29 INFO  FlipkartLoginTest:26 -  ####### Started the Login Test ####### 
2019-08-22 15:56:29 INFO  LoginPage:33 -  Entering the phone number or username: 7019375360
2019-08-22 15:56:30 INFO  LoginPage:35 -  Entering the password: Abc123
2019-08-22 15:56:34 INFO  LoginPage:38 -  Clicking on the Login button 
2019-08-22 15:56:34 INFO  FlipkartLoginTest:30 -  ####### Finished the Login Test ####### 
2019-08-22 15:56:34 INFO  FlipkartLoginTest:36 -  ####### Started the Search Product and Add to Cart Test ####### 
2019-08-22 15:56:42 INFO  SearchPage:42 -  Entering the Product Name: camera
2019-08-22 15:57:02 INFO  SearchPage:46 -  Clicking on the Search button 
2019-08-22 15:57:02 INFO  SearchPage:68 - Clicking on the Product Name: Sony CyberShot DSC-W810/BC IN5
2019-08-22 15:57:04 INFO  SearchPage:81 - Product Price is : ?6,299
2019-08-22 15:57:04 INFO  SearchPage:85 -  Clicking on the Add to Cart button 
2019-08-22 15:58:22 INFO  BaseTest:50 - Creating the object of--->>>chrome
2019-08-22 15:58:31 INFO  BaseTest:60 - Navigating to--->> https://www.flipkart.com
2019-08-22 15:58:31 INFO  FlipkartLoginTest:26 -  ####### Started the Login Test ####### 
2019-08-22 15:58:31 INFO  LoginPage:33 -  Entering the phone number or username: 7019375360
2019-08-22 15:58:31 INFO  LoginPage:35 -  Entering the password: Abc123
2019-08-22 15:58:35 INFO  LoginPage:38 -  Clicking on the Login button 
2019-08-22 15:58:35 INFO  FlipkartLoginTest:30 -  ####### Finished the Login Test ####### 
2019-08-22 15:58:35 INFO  FlipkartLoginTest:36 -  ####### Started the Search Product and Add to Cart Test ####### 
2019-08-22 15:58:44 INFO  SearchPage:42 -  Entering the Product Name: camera
2019-08-22 15:59:04 INFO  SearchPage:46 -  Clicking on the Search button 
2019-08-22 15:59:04 INFO  SearchPage:68 - Clicking on the Product Name: Sony CyberShot DSC-W810/BC IN5
2019-08-22 15:59:06 INFO  SearchPage:81 - Product Price is : ?6,299
2019-08-22 15:59:26 INFO  SearchPage:86 -  Clicking on the Add to Cart button 
2019-08-22 15:59:26 INFO  SearchPage:98 -  ####### Product Price and Cart Price are same ####### 
2019-08-22 15:59:26 INFO  FlipkartLoginTest:40 -  ####### Finished the Search Product and Add to Cart Test ####### 
2019-08-22 16:01:25 INFO  BaseTest:44 - Creating the object of--->>>firefox
2019-08-22 16:02:03 INFO  BaseTest:60 - Navigating to--->> https://www.flipkart.com
2019-08-22 16:02:03 INFO  FlipkartLoginTest:26 -  ####### Started the Login Test ####### 
2019-08-22 16:02:03 INFO  LoginPage:33 -  Entering the phone number or username: 7019375360
2019-08-22 16:02:03 INFO  LoginPage:35 -  Entering the password: Abc123
2019-08-22 16:02:07 INFO  LoginPage:38 -  Clicking on the Login button 
2019-08-22 16:02:07 INFO  FlipkartLoginTest:30 -  ####### Finished the Login Test ####### 
2019-08-22 16:02:07 INFO  FlipkartLoginTest:36 -  ####### Started the Search Product and Add to Cart Test ####### 
2019-08-22 16:02:16 INFO  SearchPage:42 -  Entering the Product Name: camera
2019-08-22 16:02:36 INFO  SearchPage:47 -  Clicking on the Search button 
2019-08-22 16:02:36 INFO  SearchPage:70 - Clicking on the Product Name: Sony CyberShot DSC-W810/BC IN5
2019-08-22 16:03:59 INFO  BaseTest:44 - Creating the object of--->>>firefox
2019-08-22 16:04:13 INFO  BaseTest:60 - Navigating to--->> https://www.flipkart.com
2019-08-22 16:04:13 INFO  FlipkartLoginTest:26 -  ####### Started the Login Test ####### 
2019-08-22 16:04:13 INFO  LoginPage:33 -  Entering the phone number or username: 7019375360
2019-08-22 16:04:13 INFO  LoginPage:35 -  Entering the password: Abc123
2019-08-22 16:04:18 INFO  LoginPage:38 -  Clicking on the Login button 
2019-08-22 16:04:18 INFO  FlipkartLoginTest:30 -  ####### Finished the Login Test ####### 
2019-08-22 16:04:18 INFO  FlipkartLoginTest:36 -  ####### Started the Search Product and Add to Cart Test ####### 
2019-08-22 16:04:26 INFO  SearchPage:42 -  Entering the Product Name: camera
2019-08-22 16:04:46 INFO  SearchPage:47 -  Clicking on the Search button 
2019-08-22 16:04:47 INFO  SearchPage:70 - Clicking on the Product Name: Sony CyberShot DSC-W810/BC IN5
2019-08-22 16:09:30 INFO  BaseTest:44 - Creating the object of--->>>firefox
2019-08-22 16:09:45 INFO  BaseTest:60 - Navigating to--->> https://www.flipkart.com
2019-08-22 16:09:45 INFO  FlipkartLoginTest:26 -  ####### Started the Login Test ####### 
2019-08-22 16:09:45 INFO  LoginPage:33 -  Entering the phone number or username: 7019375360
2019-08-22 16:09:45 INFO  LoginPage:35 -  Entering the password: Abc123
2019-08-22 16:09:50 INFO  LoginPage:38 -  Clicking on the Login button 
2019-08-22 16:09:50 INFO  FlipkartLoginTest:30 -  ####### Finished the Login Test ####### 
2019-08-22 16:09:50 INFO  FlipkartLoginTest:36 -  ####### Started the Search Product and Add to Cart Test ####### 
2019-08-22 16:09:58 INFO  SearchPage:42 -  Entering the Product Name: camera
2019-08-22 16:10:18 INFO  SearchPage:47 -  Clicking on the Search button 
2019-08-22 16:14:48 INFO  BaseTest:44 - Creating the object of--->>>firefox
2019-08-22 16:15:02 INFO  BaseTest:60 - Navigating to--->> https://www.flipkart.com
2019-08-22 16:15:03 INFO  FlipkartLoginTest:26 -  ####### Started the Login Test ####### 
2019-08-22 16:15:03 INFO  LoginPage:33 -  Entering the phone number or username: 7019375360
2019-08-22 16:15:03 INFO  LoginPage:35 -  Entering the password: Abc123
2019-08-22 16:15:07 INFO  LoginPage:38 -  Clicking on the Login button 
2019-08-22 16:15:07 INFO  FlipkartLoginTest:30 -  ####### Finished the Login Test ####### 
2019-08-22 16:15:07 INFO  FlipkartLoginTest:36 -  ####### Started the Search Product and Add to Cart Test ####### 
2019-08-22 16:15:15 INFO  SearchPage:42 -  Entering the Product Name: camera
2019-08-22 16:15:35 INFO  SearchPage:47 -  Clicking on the Search button 
2019-08-22 16:15:36 INFO  SearchPage:73 - Clicking on the Product Name: Sony CyberShot DSC-W810/BC IN5
2019-08-22 16:16:27 INFO  BaseTest:50 - Creating the object of--->>>chrome
2019-08-22 16:16:35 INFO  BaseTest:60 - Navigating to--->> https://www.flipkart.com
2019-08-22 16:16:35 INFO  FlipkartLoginTest:26 -  ####### Started the Login Test ####### 
2019-08-22 16:16:35 INFO  LoginPage:33 -  Entering the phone number or username: 7019375360
2019-08-22 16:16:35 INFO  LoginPage:35 -  Entering the password: Abc123
2019-08-22 16:16:40 INFO  LoginPage:38 -  Clicking on the Login button 
2019-08-22 16:16:40 INFO  FlipkartLoginTest:30 -  ####### Finished the Login Test ####### 
2019-08-22 16:16:40 INFO  FlipkartLoginTest:36 -  ####### Started the Search Product and Add to Cart Test ####### 
2019-08-22 16:16:48 INFO  SearchPage:42 -  Entering the Product Name: camera
2019-08-22 16:17:08 INFO  SearchPage:47 -  Clicking on the Search button 
2019-08-22 16:17:09 INFO  SearchPage:73 - Clicking on the Product Name: Sony CyberShot DSC-W810/BC IN5
2019-08-22 16:17:11 INFO  SearchPage:86 - Product Price is : ?6,299
2019-08-22 16:17:32 INFO  SearchPage:91 -  Clicking on the Add to Cart button 
2019-08-22 16:17:32 INFO  SearchPage:104 -  ####### Product Price and Cart Price are same ####### 
2019-08-22 16:17:32 INFO  FlipkartLoginTest:40 -  ####### Finished the Search Product and Add to Cart Test ####### 
